[ 2018-02-07T07:37:30+08:00 ]  
ERR: 无法加载控制器:Caiji

[ 2018-02-07T07:37:31+08:00 ]  
ERR: 无法加载控制器:Workermanpk10

[ 2018-02-07T07:37:32+08:00 ]  
ERR: 无法加载控制器:Workermanft

[ 2018-02-07T07:37:32+08:00 ]  
ERR: 无法加载控制器:Workermanssc

[ 2018-02-07T07:37:32+08:00 ]  
ERR: 无法加载控制器:Workermanbj28

[ 2018-02-07T07:37:32+08:00 ]  
ERR: 无法加载控制器:Workermanjnd28

[ 2018-02-07T07:41:56+08:00 ]  
ERR: 无法加载控制器:Caiji

[ 2018-02-07T07:41:56+08:00 ]  
ERR: 无法加载控制器:Workermanpk10

[ 2018-02-07T07:41:57+08:00 ]  
ERR: 无法加载控制器:Workermanft

[ 2018-02-07T07:41:57+08:00 ]  
ERR: 无法加载控制器:Workermanssc

[ 2018-02-07T07:41:57+08:00 ]  
ERR: 无法加载控制器:Workermanbj28

[ 2018-02-07T07:41:57+08:00 ]  
ERR: 无法加载控制器:Workermanjnd28

